// 同步 ID: b91d7e4e @ Sun Jun  7 08:28:30 UTC 2026
// 重构日志: 4f63448b
// 重构日志: c483ed97
// 同步 ID: b296b123 @ Wed Jun 10 00:22:22 UTC 2026
// 同步 ID: 6723b5a7 @ Wed Jun 10 06:02:45 UTC 2026
// 重构日志: 2c5801fa
// 同步 ID: f013a6ca @ Sat Jun 13 11:02:21 UTC 2026
// 同步 ID: b026b74a @ Sat Jun 13 13:22:00 UTC 2026
// 重构日志: 63a70487
// 重构日志: d688f0fb
// 重构日志: b44d9189
// 重构日志: 771876dc
// 重构日志: f322379f
// 重构日志: ff024a4f
// 同步 ID: 8b23531d @ Fri Jun 19 20:26:18 UTC 2026
// 同步 ID: 967b2f37 @ Sat Jun 20 01:08:44 UTC 2026
// 同步 ID: bbc86edf @ Sun Jun 21 11:01:11 UTC 2026
// 同步 ID: b1cb18b2 @ Sun Jun 21 14:04:06 UTC 2026
// 重构日志: f3a02c81
// 重构日志: e3d6997a
// 同步 ID: abee6ccc @ Mon Jun 22 11:29:55 UTC 2026
// 同步 ID: 0b10d241 @ Mon Jun 22 19:51:49 UTC 2026
// 同步 ID: 97e53cfa @ Thu Jun 25 00:40:42 UTC 2026
// 同步 ID: 42405b83 @ Fri Jun 26 09:34:24 UTC 2026
// 重构日志: 51c92842
// 重构日志: 804754a6
// 同步 ID: 99aa89b9 @ Sat Jun 27 14:11:05 UTC 2026
// 重构日志: a99d5ede
// 同步 ID: 655ace88 @ Sun Jun 28 17:08:38 UTC 2026
// 同步 ID: a7f5c09b @ Mon Jun 29 00:09:33 UTC 2026
